Arguments: 
  /home/colin/.nvm/versions/node/v9.6.1/bin/node /home/colin/.nvm/versions/node/v9.6.1/bin/yarn prestorybook

PATH: 
  /home/colin/.yarn/bin:/home/colin/.gem/ruby/2.5.0/bin:/root/.gem/ruby/2.5.0/bin:/home/colin/.config/composer/vendor/bin:/usr/lib/node_modules:/home/colin/.local/bin:/home/colin/.nvm/versions/node/v9.6.1/bin:/home/colin/.yarn/bin:/home/colin/.gem/ruby/2.5.0/bin:/root/.gem/ruby/2.5.0/bin:/home/colin/.config/composer/vendor/bin:/usr/lib/node_modules:/home/colin/.local/bin:/usr/local/sbin:/usr/local/bin:/usr/bin:/opt/android-sdk/platform-tools:/opt/android-sdk/tools:/opt/android-sdk/tools/bin:/usr/lib/jvm/default/bin:/usr/bin/site_perl:/usr/bin/vendor_perl:/usr/bin/core_perl:/home/colin/.fzf/bin:/opt/android-sdk/platform-tools:/opt/android-sdk/tools:/opt/android-sdk/tools/bin:/usr/lib/jvm/default/bin:/usr/bin/site_perl:/usr/bin/vendor_perl:/usr/bin/core_perl

Yarn version: 
  1.5.1

Node version: 
  9.6.1

Platform: 
  linux x64

npm manifest: 
  No manifest

yarn manifest: 
  No manifest

Lockfile: 
  No lockfile

Trace: 
  Error: Couldn't find a package.json file in "/home/colin/.config/nvim/skeletons"
      at new MessageError (/home/colin/.nvm/versions/node/v9.6.1/lib/node_modules/yarn/lib/cli.js:186:110)
      at /home/colin/.nvm/versions/node/v9.6.1/lib/node_modules/yarn/lib/cli.js:40048:15
      at Generator.next (<anonymous>)
      at step (/home/colin/.nvm/versions/node/v9.6.1/lib/node_modules/yarn/lib/cli.js:98:30)
      at /home/colin/.nvm/versions/node/v9.6.1/lib/node_modules/yarn/lib/cli.js:109:13
      at <anonymous>
