Arguments: 
  /home/colin/.nvm/versions/node/v10.15.2/bin/node /home/colin/.yarn/bin/yarnpkg add coc-java --ignore-engines --ignore-scripts

PATH: 
  /home/colin/.yarn/bin:/home/colin/.config/yarn/global/node_modules/.bin:/home/colin/.gem/ruby/2.6.0/bin:/root/.gem/ruby/2.6.0/bin:/home/colin/.config/composer/vendor/bin:/usr/lib/node_modules:/home/colin/.local/bin:/home/colin/.nvm/versions/node/v10.15.2/bin:/home/colin/.yarn/bin:/home/colin/.config/yarn/global/node_modules/.bin:/home/colin/.gem/ruby/2.6.0/bin:/root/.gem/ruby/2.6.0/bin:/home/colin/.config/composer/vendor/bin:/usr/lib/node_modules:/home/colin/.local/bin:/usr/local/sbin:/usr/local/bin:/usr/sbin:/usr/bin:/sbin:/bin:/usr/games:/usr/local/games:/mnt/c/ProgramData/DockerDesktop/version-bin:/mnt/c/Program Files/Docker/Docker/resources/bin:/mnt/c/Python27:/mnt/c/Python27/Scripts:/mnt/c/Program Files (x86)/Intel/Intel(R) Management Engine Components/iCLS:/mnt/c/Program Files/Intel/Intel(R) Management Engine Components/iCLS:/mnt/c/Windows/System32:/mnt/c/Windows:/mnt/c/Windows/System32/wbem:/mnt/c/Windows/System32/WindowsPowerShell/v1.0:/mnt/c/Windows/System32/OpenSSH:/mnt/c/Program Files (x86)/Intel/Intel(R) Management Engine Components/DAL:/mnt/c/Program Files/Intel/Intel(R) Management Engine Components/DAL:/mnt/c/Program Files (x86)/Intel/Intel(R) Management Engine Components/IPT:/mnt/c/Program Files/Intel/Intel(R) Management Engine Components/IPT:/mnt/c/Program Files/Intel/WiFi/bin:/mnt/c/Program Files/Common Files/Intel/WirelessCommon:/mnt/c/Program Files (x86)/Sennheiser/SoftphoneSDK:/mnt/c/ProgramData/chocolatey/bin:/mnt/c/Users/colinryan/AppData/Roaming/nvm:/mnt/c/Users/colinryan/AppData/Roaming/nvm/v10.11.0:/mnt/c/Users/colinryan/AppData/Local/Microsoft/WindowsApps:/mnt/c/tools/neovim/Neovim/bin:/mnt/c/Program Files/JetBrains/IntelliJ IDEA 2018.3.5/bin:/mnt/c/Users/colinryan/AppData/Roaming/npm:/mnt/c/Users/colinryan/AppData/Roaming/nvm:/mnt/c/Users/colinryan/AppData/Roaming/nvm/v10.11.0:/mnt/c/Users/colinryan/AppData/Local/Programs/Fiddler:/usr/bin/site_perl:/usr/bin/vendor_perl:/usr/bin/core_perl:/home/colin/.perl6/bin:/usr/bin/site_perl:/usr/bin/vendor_perl:/usr/bin/core_perl:/home/colin/.perl6/bin

Yarn version: 
  1.13.0

Node version: 
  10.15.2

Platform: 
  linux x64

Trace: 
  Error: EACCES: permission denied, open '/home/colin/.yarnrc'

npm manifest: 
  {
    "dependencies": {
      "coc-css": "^1.0.7",
      "coc-emmet": "^1.0.9",
      "coc-highlight": "^1.0.5",
      "coc-html": "^1.0.7",
      "coc-json": "^1.0.14",
      "coc-tsserver": "^1.2.1"
    }
  }

yarn manifest: 
  No manifest

Lockfile: 
  # THIS IS AN AUTOGENERATED FILE. DO NOT EDIT THIS FILE DIRECTLY.
  # yarn lockfile v1
  
  
  "@emmetio/css-parser@github:ramya-rao-a/css-parser#vscode":
    version "0.4.0"
    resolved "https://codeload.github.com/ramya-rao-a/css-parser/tar.gz/370c480ac103bd17c7bcfb34bf5d577dc40d3660"
    dependencies:
      "@emmetio/stream-reader" "^2.2.0"
      "@emmetio/stream-reader-utils" "^0.1.0"
  
  "@emmetio/extract-abbreviation@0.1.6":
    version "0.1.6"
    resolved "https://registry.yarnpkg.com/@emmetio/extract-abbreviation/-/extract-abbreviation-0.1.6.tgz#e4a9856c1057f0aff7d443b8536477c243abe28c"
    integrity sha512-Ce3xE2JvTSEbASFbRbA1gAIcMcZWdS2yUYRaQbeM0nbOzaZrUYfa3ePtcriYRZOZmr+CkKA+zbjhvTpIOAYVcw==
  
  "@emmetio/html-matcher@^0.3.3":
    version "0.3.3"
    resolved "https://registry.yarnpkg.com/@emmetio/html-matcher/-/html-matcher-0.3.3.tgz#0bbdadc0882e185950f03737dc6dbf8f7bd90728"
    integrity sha1-C72twIguGFlQ8Dc33G2/j3vZByg=
    dependencies:
      "@emmetio/stream-reader" "^2.0.0"
      "@emmetio/stream-reader-utils" "^0.1.0"
  
  "@emmetio/math-expression@^0.1.1":
    version "0.1.1"
    resolved "https://registry.yarnpkg.com/@emmetio/math-expression/-/math-expression-0.1.1.tgz#1ff2c7f05800f64c57ca89038ee18bce9f5776dc"
    integrity sha1-H/LH8FgA9kxXyokDjuGLzp9Xdtw=
    dependencies:
      "@emmetio/stream-reader" "^2.0.1"
      "@emmetio/stream-reader-utils" "^0.1.0"
  
  "@emmetio/stream-reader-utils@^0.1.0":
    version "0.1.0"
    resolved "https://registry.yarnpkg.com/@emmetio/stream-reader-utils/-/stream-reader-utils-0.1.0.tgz#244cb02c77ec2e74f78a9bd318218abc9c500a61"
    integrity sha1-JEywLHfsLnT3ipvTGCGKvJxQCmE=
  
  "@emmetio/stream-reader@^2.0.0", "@emmetio/stream-reader@^2.0.1", "@emmetio/stream-reader@^2.2.0":
    version "2.2.0"
    resolved "https://registry.yarnpkg.com/@emmetio/stream-reader/-/stream-reader-2.2.0.tgz#46cffea119a0a003312a21c2d9b5628cb5fcd442"
    integrity sha1-Rs/+oRmgoAMxKiHC2bVijLX81EI=
  
  agent-base@4, agent-base@^4.1.0:
    version "4.2.1"
    resolved "https://registry.yarnpkg.com/agent-base/-/agent-base-4.2.1.tgz#d89e5999f797875674c07d87f260fc41e83e8ca9"
    integrity sha512-JVwXMr9nHYTUXsBFKUqhJwvlcYU/blreOEUkhNR2eXZIvwd+c+o5V4MgDPKWnMS/56awN3TRzIP+KoPn+roQtg==
    dependencies:
      es6-promisify "^5.0.0"
  
  coc-css@^1.0.7:
    version "1.0.7"
    resolved "https://registry.yarnpkg.com/coc-css/-/coc-css-1.0.7.tgz#b7a2492165b7a596a093347595d75a9a47ae08e5"
    integrity sha512-09Bfx+AhO4eMwpJFLdRLRsbXNDuRiYG38+D6z8wsDQjhXLCI779E1nL36+X/DGL4H2LZ3Df1QmofubMkXqZMqw==
    dependencies:
      tslib "^1.9.3"
      vscode-css-languageservice "^3.0.12"
      vscode-languageserver "^5.1.0"
      vscode-languageserver-protocol "^3.13.0"
  
  coc-emmet@^1.0.9:
    version "1.0.9"
    resolved "https://registry.yarnpkg.com/coc-emmet/-/coc-emmet-1.0.9.tgz#a4035cfba1d1dafdc114a642bcd4f70905af113f"
    integrity sha512-dCtCeTd2c5SWFuyDkuhyESXZdFH7D9FDa9+QwWss1hbvSqS7ni9xQ+IGkU2hisvaQlB76hzJscWU/o4E1pXs3w==
    dependencies:
      "@emmetio/css-parser" ramya-rao-a/css-parser#vscode
      "@emmetio/html-matcher" "^0.3.3"
      "@emmetio/math-expression" "^0.1.1"
      tslib "^1.9.3"
      vscode-emmet-helper "^1.2.12"
      vscode-languageserver-protocol "^3.13.0"
      vscode-uri "^1.0.6"
  
  coc-highlight@^1.0.5:
    version "1.0.5"
    resolved "https://registry.yarnpkg.com/coc-highlight/-/coc-highlight-1.0.5.tgz#b08419add2f9397f65b0e72169df8fd1df63004a"
    integrity sha512-3vfEHGjVmfn9veAM6VU8Cmn+46Ca4BW54iAUIZzGNwNT0a8O0T4lkK4eASQ89cSFXV7VoLHYU9cq4UACSGYInw==
    dependencies:
      color "^3.1.0"
      color-name "^1.1.4"
      debounce "^1.2.0"
      tslib "^1.9.3"
      vscode-languageserver "^5.1.0"
      vscode-languageserver-protocol "^3.13.0"
      vscode-uri "^1.0.6"
  
  coc-html@^1.0.7:
    version "1.0.7"
    resolved "https://registry.yarnpkg.com/coc-html/-/coc-html-1.0.7.tgz#9b4a4c80684fe4ba49f7b313850e23f2cb79c6a3"
    integrity sha512-TmIGj76PttArDeIjg7psPSLlVpm5Ya3xICwjogNPn2i3Ey1MnSxGPycw1jfaKpITsAOF3ZNRVn2dBVSG7vxSfQ==
    dependencies:
      tslib "^1.9.3"
      typescript "^3.2.2"
      vscode-css-languageservice "^3.0.13-next.3"
      vscode-html-languageservice "^2.1.11-next.2"
      vscode-languageserver "^5.2.1"
      vscode-languageserver-types "^3.14.0"
      vscode-uri "^1.0.6"
  
  coc-json@^1.0.14:
    version "1.0.14"
    resolved "https://registry.yarnpkg.com/coc-json/-/coc-json-1.0.14.tgz#521dc6447204e8c71a2f53496c89bd11522c699c"
    integrity sha512-cIIq8n7ajxMU43TYonDBanG8uBeugNFgI/MHidVJbrYtQnXUsHSqXNHUbgIzjnOYVOFwCXd0LacLZOiD6z2K1Q==
    dependencies:
      find-up "^3.0.0"
      request-light "^0.2.4"
      tslib "^1.9.3"
      vscode-json-languageservice "^3.3.0-next.6"
      vscode-languageserver "^5.3.0-next.2"
      vscode-uri "^1.0.6"
  
  coc-tsserver@^1.2.1:
    version "1.2.1"
    resolved "https://registry.yarnpkg.com/coc-tsserver/-/coc-tsserver-1.2.1.tgz#7dc1f777e61582e2f389cce289f986f60019012e"
    integrity sha512-4MRaiCQJiz7/vVgLJ9BxSpwCbwCZRJmk8O3usbyfki3YXVUzh5UrO+bz3cZpZqT2e3r5WIRz6ty3l4jOestLTw==
    dependencies:
      fast-diff "^1.2.0"
      find-up "^3.0.0"
      semver "^6.0.0"
      tslib "^1.9.3"
      typescript "3.3.4000"
      vscode-languageserver-protocol "^3.15.0-next.1"
      vscode-uri "^1.0.6"
      which "^1.3.1"
  
  color-convert@^1.9.1:
    version "1.9.3"
    resolved "https://registry.yarnpkg.com/color-convert/-/color-convert-1.9.3.tgz#bb71850690e1f136567de629d2d5471deda4c1e8"
    integrity sha512-QfAUtd+vFdAtFQcC8CCyYt1fYWxSqAiK2cSD6zDB8N3cpsEBAvRxp9zOGg6G/SHHJYAT88/az/IuDGALsNVbGg==
    dependencies:
      color-name "1.1.3"
  
  color-name@1.1.3:
    version "1.1.3"
    resolved "https://registry.yarnpkg.com/color-name/-/color-name-1.1.3.tgz#a7d0558bd89c42f795dd42328f740831ca53bc25"
    integrity sha1-p9BVi9icQveV3UIyj3QIMcpTvCU=
  
  color-name@^1.0.0, color-name@^1.1.4:
    version "1.1.4"
    resolved "https://registry.yarnpkg.com/color-name/-/color-name-1.1.4.tgz#c2a09a87acbde69543de6f63fa3995c826c536a2"
    integrity sha512-dOy+3AuW3a2wNbZHIuMZpTcgjGuLU/uBL/ubcZF9OXbDo8ff4O8yVp5Bf0efS8uEoYo5q4Fx7dY9OgQGXgAsQA==
  
  color-string@^1.5.2:
    version "1.5.3"
    resolved "https://registry.yarnpkg.com/color-string/-/color-string-1.5.3.tgz#c9bbc5f01b58b5492f3d6857459cb6590ce204cc"
    integrity sha512-dC2C5qeWoYkxki5UAXapdjqO672AM4vZuPGRQfO8b5HKuKGBbKWpITyDYN7TOFKvRW7kOgAn3746clDBMDJyQw==
    dependencies:
      color-name "^1.0.0"
      simple-swizzle "^0.2.2"
  
  color@^3.1.0:
    version "3.1.1"
    resolved "https://registry.yarnpkg.com/color/-/color-3.1.1.tgz#7abf5c0d38e89378284e873c207ae2172dcc8a61"
    integrity sha512-PvUltIXRjehRKPSy89VnDWFKY58xyhTLyxIg21vwQBI6qLwZNPmC8k3C1uytIgFKEpOIzN4y32iPm8231zFHIg==
    dependencies:
      color-convert "^1.9.1"
      color-string "^1.5.2"
  
  debounce@^1.2.0:
    version "1.2.0"
    resolved "https://registry.yarnpkg.com/debounce/-/debounce-1.2.0.tgz#44a540abc0ea9943018dc0eaa95cce87f65cd131"
    integrity sha512-mYtLl1xfZLi1m4RtQYlZgJUNQjl4ZxVnHzIR8nLLgi4q1YT8o/WM+MK/f8yfcc9s5Ir5zRaPZyZU6xs1Syoocg==
  
  debug@3.1.0:
    version "3.1.0"
    resolved "https://registry.yarnpkg.com/debug/-/debug-3.1.0.tgz#5bb5a0672628b64149566ba16819e61518c67261"
    integrity sha512-OX8XqP7/1a9cqkxYw2yXss15f26NKWBpDXQd0/uK/KPqdQhxbPa994hnzjcE2VqQpDslf55723cKPUOGSmMY3g==
    dependencies:
      ms "2.0.0"
  
  debug@^3.1.0:
    version "3.2.6"
    resolved "https://registry.yarnpkg.com/debug/-/debug-3.2.6.tgz#e83d17de16d8a7efb7717edbe5fb10135eee629b"
    integrity sha512-mel+jf7nrtEl5Pn1Qx46zARXKDpBbvzezse7p7LqINmdoIk8PYP5SySaxEmYv6TZ0JyEKA1hsCId6DIhgITtWQ==
    dependencies:
      ms "^2.1.1"
  
  es6-promise@^4.0.3:
    version "4.2.6"
    resolved "https://registry.yarnpkg.com/es6-promise/-/es6-promise-4.2.6.tgz#b685edd8258886365ea62b57d30de28fadcd974f"
    integrity sha512-aRVgGdnmW2OiySVPUC9e6m+plolMAJKjZnQlCwNSuK5yQ0JN61DZSO1X1Ufd1foqWRAlig0rhduTCHe7sVtK5Q==
  
  es6-promisify@^5.0.0:
    version "5.0.0"
    resolved "https://registry.yarnpkg.com/es6-promisify/-/es6-promisify-5.0.0.tgz#5109d62f3e56ea967c4b63505aef08291c8a5203"
    integrity sha1-UQnWLz5W6pZ8S2NQWu8IKRyKUgM=
    dependencies:
      es6-promise "^4.0.3"
  
  fast-diff@^1.2.0:
    version "1.2.0"
    resolved "https://registry.yarnpkg.com/fast-diff/-/fast-diff-1.2.0.tgz#73ee11982d86caaf7959828d519cfe927fac5f03"
    integrity sha512-xJuoT5+L99XlZ8twedaRf6Ax2TgQVxvgZOYoPKqZufmJib0tL2tegPBOZb1pVNgIhlqDlA0eO0c3wBvQcmzx4w==
  
  find-up@^3.0.0:
    version "3.0.0"
    resolved "https://registry.yarnpkg.com/find-up/-/find-up-3.0.0.tgz#49169f1d7993430646da61ecc5ae355c21c97b73"
    integrity sha512-1yD6RmLI1XBfxugvORwlck6f75tYL+iR0jqwsOrOxMZyGYqUuDhJ0l4AXdO1iX/FTs9cBAMEk1gWSEx1kSbylg==
    dependencies:
      locate-path "^3.0.0"
  
  http-proxy-agent@^2.1.0:
    version "2.1.0"
    resolved "https://registry.yarnpkg.com/http-proxy-agent/-/http-proxy-agent-2.1.0.tgz#e4821beef5b2142a2026bd73926fe537631c5405"
    integrity sha512-qwHbBLV7WviBl0rQsOzH6o5lwyOIvwp/BdFnvVxXORldu5TmjFfjzBcWUWS5kWAZhmv+JtiDhSuQCp4sBfbIgg==
    dependencies:
      agent-base "4"
      debug "3.1.0"
  
  https-proxy-agent@^2.2.1:
    version "2.2.1"
    resolved "https://registry.yarnpkg.com/https-proxy-agent/-/https-proxy-agent-2.2.1.tgz#51552970fa04d723e04c56d04178c3f92592bbc0"
    integrity sha512-HPCTS1LW51bcyMYbxUIOO4HEOlQ1/1qRaFWcyxvwaqUS9TY88aoEuHUY33kuAh1YhVVaDQhLZsnPd+XNARWZlQ==
    dependencies:
      agent-base "^4.1.0"
      debug "^3.1.0"
  
  is-arrayish@^0.3.1:
    version "0.3.2"
    resolved "https://registry.yarnpkg.com/is-arrayish/-/is-arrayish-0.3.2.tgz#4574a2ae56f7ab206896fb431eaeed066fdf8f03"
    integrity sha512-eVRqCvVlZbuw3GrM63ovNSNAeA1K16kaR/LRY/92w0zxQ5/1YzwblUX652i4Xs9RwAGjW9d9y6X88t8OaAJfWQ==
  
  isexe@^2.0.0:
    version "2.0.0"
    resolved "https://registry.yarnpkg.com/isexe/-/isexe-2.0.0.tgz#e8fbf374dc556ff8947a10dcb0572d633f2cfa10"
    integrity sha1-6PvzdNxVb/iUehDcsFctYz8s+hA=
  
  jsonc-parser@^1.0.0:
    version "1.0.3"
    resolved "https://registry.yarnpkg.com/jsonc-parser/-/jsonc-parser-1.0.3.tgz#1d53d7160e401a783dbceabaad82473f80e6ad7e"
    integrity sha512-hk/69oAeaIzchq/v3lS50PXuzn5O2ynldopMC+SWBql7J2WtdptfB9dy8Y7+Og5rPkTCpn83zTiO8FMcqlXJ/g==
  
  jsonc-parser@^2.0.3:
    version "2.1.0"
    resolved "https://registry.yarnpkg.com/jsonc-parser/-/jsonc-parser-2.1.0.tgz#eb0d0c7a3c33048524ce3574c57c7278fb2f1bf3"
    integrity sha512-n9GrT8rrr2fhvBbANa1g+xFmgGK5X91KFeDwlKQ3+SJfmH5+tKv/M/kahx/TXOMflfWHKGKqKyfHQaLKTNzJ6w==
  
  locate-path@^3.0.0:
    version "3.0.0"
    resolved "https://registry.yarnpkg.com/locate-path/-/locate-path-3.0.0.tgz#dbec3b3ab759758071b58fe59fc41871af21400e"
    integrity sha512-7AO748wWnIhNqAuaty2ZWHkQHRSNfPVIsPIfwEOWO22AmaoVrWavlOcMR5nzTLNYvp36X220/maaRsrec1G65A==
    dependencies:
      p-locate "^3.0.0"
      path-exists "^3.0.0"
  
  ms@2.0.0:
    version "2.0.0"
    resolved "https://registry.yarnpkg.com/ms/-/ms-2.0.0.tgz#5608aeadfc00be6c2901df5f9861788de0d597c8"
    integrity sha1-VgiurfwAvmwpAd9fmGF4jeDVl8g=
  
  ms@^2.1.1:
    version "2.1.1"
    resolved "https://registry.yarnpkg.com/ms/-/ms-2.1.1.tgz#30a5864eb3ebb0a66f2ebe6d727af06a09d86e0a"
    integrity sha512-tgp+dl5cGk28utYktBsrFqA7HKgrhgPsg6Z/EfhWI4gl1Hwq8B/GmY/0oXZ6nF8hDVesS/FpnYaD/kOWhYQvyg==
  
  p-limit@^2.0.0:
    version "2.2.0"
    resolved "https://registry.yarnpkg.com/p-limit/-/p-limit-2.2.0.tgz#417c9941e6027a9abcba5092dd2904e255b5fbc2"
    integrity sha512-pZbTJpoUsCzV48Mc9Nh51VbwO0X9cuPFE8gYwx9BTCt9SF8/b7Zljd2fVgOxhIF/HDTKgpVzs+GPhyKfjLLFRQ==
    dependencies:
      p-try "^2.0.0"
  
  p-locate@^3.0.0:
    version "3.0.0"
    resolved "https://registry.yarnpkg.com/p-locate/-/p-locate-3.0.0.tgz#322d69a05c0264b25997d9f40cd8a891ab0064a4"
    integrity sha512-x+12w/To+4GFfgJhBEpiDcLozRJGegY+Ei7/z0tSLkMmxGZNybVMSfWj9aJn8Z5Fc7dBUNJOOVgPv2H7IwulSQ==
    dependencies:
      p-limit "^2.0.0"
  
  p-try@^2.0.0:
    version "2.2.0"
    resolved "https://registry.yarnpkg.com/p-try/-/p-try-2.2.0.tgz#cb2868540e313d61de58fafbe35ce9004d5540e6"
    integrity sha512-R4nPAVTAU0B9D35/Gk3uJf/7XYbQcyohSKdvAxIRSNghFl4e71hVoGnBNQz9cWaXxO2I10KTC+3jMdvvoKw6dQ==
  
  path-exists@^3.0.0:
    version "3.0.0"
    resolved "https://registry.yarnpkg.com/path-exists/-/path-exists-3.0.0.tgz#ce0ebeaa5f78cb18925ea7d810d7b59b010fd515"
    integrity sha1-zg6+ql94yxiSXqfYENe1mwEP1RU=
  
  request-light@^0.2.4:
    version "0.2.4"
    resolved "https://registry.yarnpkg.com/request-light/-/request-light-0.2.4.tgz#3cea29c126682e6bcadf7915353322eeba01a755"
    integrity sha512-pM9Fq5jRnSb+82V7M97rp8FE9/YNeP2L9eckB4Szd7lyeclSIx02aIpPO/6e4m6Dy31+FBN/zkFMTd2HkNO3ow==
    dependencies:
      http-proxy-agent "^2.1.0"
      https-proxy-agent "^2.2.1"
      vscode-nls "^4.0.0"
  
  semver@^6.0.0:
    version "6.0.0"
    resolved "https://registry.yarnpkg.com/semver/-/semver-6.0.0.tgz#05e359ee571e5ad7ed641a6eec1e547ba52dea65"
    integrity sha512-0UewU+9rFapKFnlbirLi3byoOuhrSsli/z/ihNnvM24vgF+8sNBiI1LZPBSH9wJKUwaUbw+s3hToDLCXkrghrQ==
  
  simple-swizzle@^0.2.2:
    version "0.2.2"
    resolved "https://registry.yarnpkg.com/simple-swizzle/-/simple-swizzle-0.2.2.tgz#a4da6b635ffcccca33f70d17cb92592de95e557a"
    integrity sha1-pNprY1/8zMoz9w0Xy5JZLeleVXo=
    dependencies:
      is-arrayish "^0.3.1"
  
  tslib@^1.9.3:
    version "1.9.3"
    resolved "https://registry.yarnpkg.com/tslib/-/tslib-1.9.3.tgz#d7e4dd79245d85428c4d7e4822a79917954ca286"
    integrity sha512-4krF8scpejhaOgqzBEcGM7yDIEfi0/8+8zDRZhNZZ2kjmHJ4hv3zCbQWxoJGz1iw5U0Jl0nma13xzHXcncMavQ==
  
  typescript@3.3.4000:
    version "3.3.4000"
    resolved "https://registry.yarnpkg.com/typescript/-/typescript-3.3.4000.tgz#76b0f89cfdbf97827e1112d64f283f1151d6adf0"
    integrity sha512-jjOcCZvpkl2+z7JFn0yBOoLQyLoIkNZAs/fYJkUG6VKy6zLPHJGfQJYFHzibB6GJaF/8QrcECtlQ5cpvRHSMEA==
  
  typescript@^3.2.2:
    version "3.4.5"
    resolved "https://registry.yarnpkg.com/typescript/-/typescript-3.4.5.tgz#2d2618d10bb566572b8d7aad5180d84257d70a99"
    integrity sha512-YycBxUb49UUhdNMU5aJ7z5Ej2XGmaIBL0x34vZ82fn3hGvD+bgrMrVDpatgz2f7YxUMJxMkbWxJZeAvDxVe7Vw==
  
  vscode-css-languageservice@^3.0.12, vscode-css-languageservice@^3.0.13-next.3:
    version "3.0.13"
    resolved "https://registry.yarnpkg.com/vscode-css-languageservice/-/vscode-css-languageservice-3.0.13.tgz#1788735b65fde54181ea458e6a52cc2bd6dd9126"
    integrity sha512-RWkO/c/A7iXhHEy3OuEqkCqavDjpD4NF2Ca8vjai+ZtEYNeHrm1ybTnBYLP4Ft1uXvvaaVtYA9HrDjD6+CUONg==
    dependencies:
      vscode-languageserver-types "^3.13.0"
      vscode-nls "^4.0.0"
  
  vscode-emmet-helper@^1.2.12:
    version "1.2.15"
    resolved "https://registry.yarnpkg.com/vscode-emmet-helper/-/vscode-emmet-helper-1.2.15.tgz#62dbfbf49bb9ebe329cb7bffdda5aaac725eea7a"
    integrity sha512-JplvmMMWSvm/6/dZezix2ADPM49u6YahPYjs/QToohUpomW/2Eb27ecCrkCyOGBPfKLKGiOPHCssss8TSDA9ag==
    dependencies:
      "@emmetio/extract-abbreviation" "0.1.6"
      jsonc-parser "^1.0.0"
      vscode-languageserver-types "^3.6.0-next.1"
  
  vscode-html-languageservice@^2.1.11-next.2:
    version "2.1.12"
    resolved "https://registry.yarnpkg.com/vscode-html-languageservice/-/vscode-html-languageservice-2.1.12.tgz#b4f9e23cac6fea74d4c9825fb4a4ef9bf313785e"
    integrity sha512-mIb5VMXM5jI97HzCk2eadI1K//rCEZXte0wBqA7PGXsyJH4KTyJUaYk9MR+mbfpUl2vMi3HZw9GUOLGYLc6l5w==
    dependencies:
      vscode-languageserver-types "^3.13.0"
      vscode-nls "^4.0.0"
      vscode-uri "^1.0.6"
  
  vscode-json-languageservice@^3.3.0-next.6:
    version "3.3.0-next.6"
    resolved "https://registry.yarnpkg.com/vscode-json-languageservice/-/vscode-json-languageservice-3.3.0-next.6.tgz#711f121b44ba443a89f3fb01a01c611f2547079f"
    integrity sha512-i1tyLiodWc7y6lR9C4cat+OUSptj8Duk1Ybm1FaMzhNfOTFttSiwrBw1otNb+QwI65VEj7EAEBQHRLeQOWznMw==
    dependencies:
      jsonc-parser "^2.0.3"
      vscode-languageserver-types "^3.14.0"
      vscode-nls "^4.0.0"
      vscode-uri "^1.0.6"
  
  vscode-jsonrpc@^4.0.0:
    version "4.0.0"
    resolved "https://registry.yarnpkg.com/vscode-jsonrpc/-/vscode-jsonrpc-4.0.0.tgz#a7bf74ef3254d0a0c272fab15c82128e378b3be9"
    integrity sha512-perEnXQdQOJMTDFNv+UF3h1Y0z4iSiaN9jIlb0OqIYgosPCZGYh/MCUlkFtV2668PL69lRDO32hmvL2yiidUYg==
  
  vscode-jsonrpc@^4.1.0-next.1:
    version "4.1.0-next.1"
    resolved "https://registry.yarnpkg.com/vscode-jsonrpc/-/vscode-jsonrpc-4.1.0-next.1.tgz#9b6598617f369de9f5acf5bac3b165b503f36934"
    integrity sha512-FzNkvHmg3GXpzZAlnGnpdRbQQX6LDRb0bvc+oxxjMUwIJ66kTO/DyeE2bwU0fsiOEGfsJTCzvjESVl368jZ0/g==
  
  vscode-languageserver-protocol@3.14.1, vscode-languageserver-protocol@^3.13.0:
    version "3.14.1"
    resolved "https://registry.yarnpkg.com/vscode-languageserver-protocol/-/vscode-languageserver-protocol-3.14.1.tgz#b8aab6afae2849c84a8983d39a1cf742417afe2f"
    integrity sha512-IL66BLb2g20uIKog5Y2dQ0IiigW0XKrvmWiOvc0yXw80z3tMEzEnHjaGAb3ENuU7MnQqgnYJ1Cl2l9RvNgDi4g==
    dependencies:
      vscode-jsonrpc "^4.0.0"
      vscode-languageserver-types "3.14.0"
  
  vscode-languageserver-protocol@3.15.0-next.4, vscode-languageserver-protocol@^3.15.0-next.1:
    version "3.15.0-next.4"
    resolved "https://registry.yarnpkg.com/vscode-languageserver-protocol/-/vscode-languageserver-protocol-3.15.0-next.4.tgz#b6a546bd7c376fb0297e9573d68d50996c21bcd9"
    integrity sha512-4AgisQ8GWa3irdRu3/UNr3brcSSm0oobmoV1eSOnV7JM32lYyXDnSKB7RuTTXvaAjD/0xQJLEGhkyGHS5gbywA==
    dependencies:
      vscode-jsonrpc "^4.1.0-next.1"
      vscode-languageserver-types "3.15.0-next.1"
  
  vscode-languageserver-types@3.14.0, vscode-languageserver-types@^3.13.0, vscode-languageserver-types@^3.14.0, vscode-languageserver-types@^3.6.0-next.1:
    version "3.14.0"
    resolved "https://registry.yarnpkg.com/vscode-languageserver-types/-/vscode-languageserver-types-3.14.0.tgz#d3b5952246d30e5241592b6dde8280e03942e743"
    integrity sha512-lTmS6AlAlMHOvPQemVwo3CezxBp0sNB95KNPkqp3Nxd5VFEnuG1ByM0zlRWos0zjO3ZWtkvhal0COgiV1xIA4A==
  
  vscode-languageserver-types@3.15.0-next.1:
    version "3.15.0-next.1"
    resolved "https://registry.yarnpkg.com/vscode-languageserver-types/-/vscode-languageserver-types-3.15.0-next.1.tgz#eddca4cf2a2547357006d4f0cc177ddc56043b65"
    integrity sha512-R0kzmaI8gOGEoU7b9huYQAzgZzRQ/5Q8HKjsIUdfz0MjXcBZ4tr1ik1So1p1O5kGrI1VTCd22Fw/wI7ECGoIPw==
  
  vscode-languageserver@^5.1.0, vscode-languageserver@^5.2.1:
    version "5.2.1"
    resolved "https://registry.yarnpkg.com/vscode-languageserver/-/vscode-languageserver-5.2.1.tgz#0d2feddd33f92aadf5da32450df498d52f6f14eb"
    integrity sha512-GuayqdKZqAwwaCUjDvMTAVRPJOp/SLON3mJ07eGsx/Iq9HjRymhKWztX41rISqDKhHVVyFM+IywICyZDla6U3A==
    dependencies:
      vscode-languageserver-protocol "3.14.1"
      vscode-uri "^1.0.6"
  
  vscode-languageserver@^5.3.0-next.2:
    version "5.3.0-next.5"
    resolved "https://registry.yarnpkg.com/vscode-languageserver/-/vscode-languageserver-5.3.0-next.5.tgz#42e65aa61f8288aa79b3c1a2fc3520ddd2851840"
    integrity sha512-PWZBhpO9bFr2oLCTHfM/0xkvmRFepYsZyxqht5HjEo4Lt+Pdw9QgCn0/z67rA4rJsJJX01QZ3kNqJaeQSdNz3g==
    dependencies:
      vscode-languageserver-protocol "3.15.0-next.4"
      vscode-uri "^1.0.6"
  
  vscode-nls@^4.0.0:
    version "4.1.0"
    resolved "https://registry.yarnpkg.com/vscode-nls/-/vscode-nls-4.1.0.tgz#d9b4afb9477c2101517d6a6aac22f4d9ff066dda"
    integrity sha512-zKsFWVzL1wlCezgaI3XiN42IT8DIPM1Qr+G+RBhiU3U0bJCdC8pPELakRCtuVT4wF3gBZjBrUDQ8mowL7hmgwA==
  
  vscode-uri@^1.0.6:
    version "1.0.6"
    resolved "https://registry.yarnpkg.com/vscode-uri/-/vscode-uri-1.0.6.tgz#6b8f141b0bbc44ad7b07e94f82f168ac7608ad4d"
    integrity sha512-sLI2L0uGov3wKVb9EB+vIQBl9tVP90nqRvxSoJ35vI3NjxE8jfsE5DSOhWgSunHSZmKS4OCi2jrtfxK7uyp2ww==
  
  which@^1.3.1:
    version "1.3.1"
    resolved "https://registry.yarnpkg.com/which/-/which-1.3.1.tgz#a45043d54f5805316da8d62f9f50918d3da70b0a"
    integrity sha512-HxJdYWq1MTIQbJ3nw0cqssHoTNU267KlrDuGZ1WYlxDStUtKUhOaJmh112/TZmHxxUfuJqPXSOm7tDyas0OSIQ==
    dependencies:
      isexe "^2.0.0"
